<?xml version="1.0" encoding="UTF-8"?>
<!-- Generated by org.testng.reporters.JUnitReportReporter -->
<testsuite hostname="FIS-802" failures="0" tests="1" name="TestCases.VerifyPriceTest" time="21.629" errors="0" timestamp="2023-02-06T23:38:33 EET" skipped="0">
  <testcase classname="TestCases.VerifyPriceTest" name="verifyTotalPrice" time="21.629"/>
  <system-out/>
</testsuite> <!-- TestCases.VerifyPriceTest -->
