<?xml version="1.0" encoding="UTF-8"?>
<!-- Generated by org.testng.reporters.JUnitReportReporter -->
<testsuite hostname="FIS-802" failures="0" tests="1" name="TestCases.SearchResultsTest" time="16.072" errors="0" timestamp="2023-02-06T23:38:33 EET" skipped="0">
  <testcase classname="TestCases.SearchResultsTest" name="searchFor_fa" time="16.072"/>
  <system-out/>
</testsuite> <!-- TestCases.SearchResultsTest -->
