<?xml version="1.0" encoding="UTF-8"?>
<!-- Generated by org.testng.reporters.JUnitReportReporter -->
<testsuite hostname="FIS-802" failures="0" tests="1" name="TestCases.OpenBraceletsPageTest" time="17.944" errors="0" timestamp="2023-02-06T23:38:33 EET" skipped="0">
  <testcase classname="TestCases.OpenBraceletsPageTest" name="braceletsPagIsOpened" time="17.944"/>
  <system-out/>
</testsuite> <!-- TestCases.OpenBraceletsPageTest -->
